2023-10-26T13:46:22.894+05:30  INFO 17440 --- [restartedMain] com.capstoneproject.BackendApplication   : Starting BackendApplication using Java 20.0.2 with PID 17440 (D:\assignments\Assignments\Capstone-Project\backend\target\classes started by Yateesh Chandra in D:\assignments\Assignments\Capstone-Project\backend)
2023-10-26T13:46:22.898+05:30  INFO 17440 --- [restartedMain] com.capstoneproject.BackendApplication   : No active profile set, falling back to 1 default profile: "default"
2023-10-26T13:46:22.940+05:30  INFO 17440 --- [restartedMain] .e.DevToolsPropertyDefaultsPostProcessor : Devtools property defaults active! Set 'spring.devtools.add-properties' to 'false' to disable
2023-10-26T13:46:22.940+05:30  INFO 17440 --- [restartedMain] .e.DevToolsPropertyDefaultsPostProcessor : For additional web related logging consider setting the 'logging.level.web' property to 'DEBUG'
2023-10-26T13:46:23.432+05:30  INFO 17440 --- [restartedMain] .s.d.r.c.RepositoryConfigurationDelegate : Bootstrapping Spring Data JPA repositories in DEFAULT mode.
2023-10-26T13:46:23.486+05:30  INFO 17440 --- [restartedMain] .s.d.r.c.RepositoryConfigurationDelegate : Finished Spring Data repository scanning in 48 ms. Found 6 JPA repository interfaces.
2023-10-26T13:46:23.915+05:30  INFO 17440 --- [restartedMain] o.s.b.w.embedded.tomcat.TomcatWebServer  : Tomcat initialized with port(s): 8082 (http)
2023-10-26T13:46:23.922+05:30  INFO 17440 --- [restartedMain] o.apache.catalina.core.StandardService   : Starting service [Tomcat]
2023-10-26T13:46:23.922+05:30  INFO 17440 --- [restartedMain] o.apache.catalina.core.StandardEngine    : Starting Servlet engine: [Apache Tomcat/10.1.13]
2023-10-26T13:46:23.969+05:30  INFO 17440 --- [restartedMain] o.a.c.c.C.[Tomcat].[localhost].[/]       : Initializing Spring embedded WebApplicationContext
2023-10-26T13:46:23.969+05:30  INFO 17440 --- [restartedMain] w.s.c.ServletWebServerApplicationContext : Root WebApplicationContext: initialization completed in 1028 ms
2023-10-26T13:46:24.069+05:30  INFO 17440 --- [restartedMain] o.hibernate.jpa.internal.util.LogHelper  : HHH000204: Processing PersistenceUnitInfo [name: default]
2023-10-26T13:46:24.105+05:30  INFO 17440 --- [restartedMain] org.hibernate.Version                    : HHH000412: Hibernate ORM core version 6.2.9.Final
2023-10-26T13:46:24.107+05:30  INFO 17440 --- [restartedMain] org.hibernate.cfg.Environment            : HHH000406: Using bytecode reflection optimizer
2023-10-26T13:46:24.189+05:30  INFO 17440 --- [restartedMain] o.h.b.i.BytecodeProviderInitiator        : HHH000021: Bytecode provider name : bytebuddy
2023-10-26T13:46:24.287+05:30  INFO 17440 --- [restartedMain] o.s.o.j.p.SpringPersistenceUnitInfo      : No LoadTimeWeaver setup: ignoring JPA class transformer
2023-10-26T13:46:24.303+05:30  INFO 17440 --- [restartedMain] com.zaxxer.hikari.HikariDataSource       : HikariPool-1 - Starting...
2023-10-26T13:46:24.456+05:30  INFO 17440 --- [restartedMain] com.zaxxer.hikari.pool.HikariPool        : HikariPool-1 - Added connection org.postgresql.jdbc.PgConnection@72a2aa4
2023-10-26T13:46:24.457+05:30  INFO 17440 --- [restartedMain] com.zaxxer.hikari.HikariDataSource       : HikariPool-1 - Start completed.
2023-10-26T13:46:24.724+05:30  INFO 17440 --- [restartedMain] o.h.b.i.BytecodeProviderInitiator        : HHH000021: Bytecode provider name : bytebuddy
2023-10-26T13:46:25.425+05:30  INFO 17440 --- [restartedMain] o.h.e.t.j.p.i.JtaPlatformInitiator       : HHH000490: Using JtaPlatform implementation: [org.hibernate.engine.transaction.jta.platform.internal.NoJtaPlatform]
2023-10-26T13:46:25.586+05:30  INFO 17440 --- [restartedMain] j.LocalContainerEntityManagerFactoryBean : Initialized JPA EntityManagerFactory for persistence unit 'default'
2023-10-26T13:46:25.802+05:30  INFO 17440 --- [restartedMain] o.s.d.j.r.query.QueryEnhancerFactory     : Hibernate is in classpath; If applicable, HQL parser will be used.
2023-10-26T13:46:26.280+05:30  WARN 17440 --- [restartedMain] JpaBaseConfiguration$JpaWebConfiguration : spring.jpa.open-in-view is enabled by default. Therefore, database queries may be performed during view rendering. Explicitly configure spring.jpa.open-in-view to disable this warning
2023-10-26T13:46:26.528+05:30  INFO 17440 --- [restartedMain] o.s.b.d.a.OptionalLiveReloadServer       : LiveReload server is running on port 35729
2023-10-26T13:46:26.565+05:30  INFO 17440 --- [restartedMain] o.s.b.w.embedded.tomcat.TomcatWebServer  : Tomcat started on port(s): 8082 (http) with context path ''
2023-10-26T13:46:26.576+05:30  INFO 17440 --- [restartedMain] com.capstoneproject.BackendApplication   : Started BackendApplication in 4.0 seconds (process running for 4.755)
2023-10-26T13:47:48.440+05:30  INFO 17440 --- [http-nio-8082-exec-2] o.a.c.c.C.[Tomcat].[localhost].[/]       : Initializing Spring DispatcherServlet 'dispatcherServlet'
2023-10-26T13:47:48.441+05:30  INFO 17440 --- [http-nio-8082-exec-2] o.s.web.servlet.DispatcherServlet        : Initializing Servlet 'dispatcherServlet'
2023-10-26T13:47:48.442+05:30  INFO 17440 --- [http-nio-8082-exec-2] o.s.web.servlet.DispatcherServlet        : Completed initialization in 1 ms
2023-10-26T13:47:48.533+05:30  INFO 17440 --- [http-nio-8082-exec-2] c.c.service.CategoryService              : Categories fetched Successfully
2023-10-26T13:47:48.534+05:30  INFO 17440 --- [http-nio-8082-exec-2] c.c.service.CategoryService              : Converting Model to DTO
2023-10-26T13:47:48.534+05:30  INFO 17440 --- [http-nio-8082-exec-2] c.c.service.CategoryService              : Converting Model to DTO
2023-10-26T13:47:48.534+05:30  INFO 17440 --- [http-nio-8082-exec-2] c.c.controller.AllResultsController      : Categories fetched Successfully
2023-10-26T13:48:16.059+05:30  INFO 17440 --- [http-nio-8082-exec-3] c.c.service.CategoryService              : Category added Successfully
2023-10-26T13:48:16.090+05:30  INFO 17440 --- [http-nio-8082-exec-3] c.c.controller.AllResultsController      : Category added Successfully
2023-10-26T13:48:20.637+05:30  INFO 17440 --- [http-nio-8082-exec-4] c.c.service.CategoryService              : Categories fetched Successfully
2023-10-26T13:48:20.637+05:30  INFO 17440 --- [http-nio-8082-exec-4] c.c.service.CategoryService              : Converting Model to DTO
2023-10-26T13:48:20.637+05:30  INFO 17440 --- [http-nio-8082-exec-4] c.c.service.CategoryService              : Converting Model to DTO
2023-10-26T13:48:20.637+05:30  INFO 17440 --- [http-nio-8082-exec-4] c.c.service.CategoryService              : Converting Model to DTO
2023-10-26T13:48:20.637+05:30  INFO 17440 --- [http-nio-8082-exec-4] c.c.controller.AllResultsController      : Categories fetched Successfully
2023-10-26T14:30:25.906+05:30  INFO 17440 --- [RMI TCP Connection(46)-127.0.0.1] inMXBeanRegistrar$SpringApplicationAdmin : Application shutdown requested.
2023-10-26T14:30:25.922+05:30  INFO 17440 --- [RMI TCP Connection(46)-127.0.0.1] o.apache.catalina.core.StandardService   : Stopping service [Tomcat]
2023-10-26T14:30:25.922+05:30  INFO 17440 --- [RMI TCP Connection(46)-127.0.0.1] o.a.c.c.C.[Tomcat].[localhost].[/]       : Destroying Spring FrameworkServlet 'dispatcherServlet'
2023-10-26T14:30:25.949+05:30  INFO 17440 --- [RMI TCP Connection(46)-127.0.0.1] j.LocalContainerEntityManagerFactoryBean : Closing JPA EntityManagerFactory for persistence unit 'default'
2023-10-26T14:30:25.955+05:30  INFO 17440 --- [RMI TCP Connection(46)-127.0.0.1] com.zaxxer.hikari.HikariDataSource       : HikariPool-1 - Shutdown initiated...
2023-10-26T14:30:25.958+05:30  INFO 17440 --- [RMI TCP Connection(46)-127.0.0.1] com.zaxxer.hikari.HikariDataSource       : HikariPool-1 - Shutdown completed.
2023-10-26T21:44:12.938+05:30  INFO 15960 --- [restartedMain] com.capstoneproject.BackendApplication   : Starting BackendApplication using Java 20.0.2 with PID 15960 (D:\assignments\Assignments\Capstone-Project\backend\target\classes started by Yateesh Chandra in D:\assignments\Assignments\Capstone-Project\backend)
2023-10-26T21:44:12.940+05:30  INFO 15960 --- [restartedMain] com.capstoneproject.BackendApplication   : No active profile set, falling back to 1 default profile: "default"
2023-10-26T21:44:12.991+05:30  INFO 15960 --- [restartedMain] .e.DevToolsPropertyDefaultsPostProcessor : Devtools property defaults active! Set 'spring.devtools.add-properties' to 'false' to disable
2023-10-26T21:44:12.992+05:30  INFO 15960 --- [restartedMain] .e.DevToolsPropertyDefaultsPostProcessor : For additional web related logging consider setting the 'logging.level.web' property to 'DEBUG'
2023-10-26T21:44:14.428+05:30  INFO 15960 --- [restartedMain] .s.d.r.c.RepositoryConfigurationDelegate : Bootstrapping Spring Data JPA repositories in DEFAULT mode.
2023-10-26T21:44:14.541+05:30  INFO 15960 --- [restartedMain] .s.d.r.c.RepositoryConfigurationDelegate : Finished Spring Data repository scanning in 104 ms. Found 7 JPA repository interfaces.
2023-10-26T21:44:15.203+05:30  INFO 15960 --- [restartedMain] o.s.b.w.embedded.tomcat.TomcatWebServer  : Tomcat initialized with port(s): 8082 (http)
2023-10-26T21:44:15.213+05:30  INFO 15960 --- [restartedMain] o.apache.catalina.core.StandardService   : Starting service [Tomcat]
2023-10-26T21:44:15.213+05:30  INFO 15960 --- [restartedMain] o.apache.catalina.core.StandardEngine    : Starting Servlet engine: [Apache Tomcat/10.1.15]
2023-10-26T21:44:15.276+05:30  INFO 15960 --- [restartedMain] o.a.c.c.C.[Tomcat].[localhost].[/]       : Initializing Spring embedded WebApplicationContext
2023-10-26T21:44:15.276+05:30  INFO 15960 --- [restartedMain] w.s.c.ServletWebServerApplicationContext : Root WebApplicationContext: initialization completed in 2284 ms
2023-10-26T21:44:15.471+05:30  INFO 15960 --- [restartedMain] o.hibernate.jpa.internal.util.LogHelper  : HHH000204: Processing PersistenceUnitInfo [name: default]
2023-10-26T21:44:15.522+05:30  INFO 15960 --- [restartedMain] org.hibernate.Version                    : HHH000412: Hibernate ORM core version 6.2.13.Final
2023-10-26T21:44:15.524+05:30  INFO 15960 --- [restartedMain] org.hibernate.cfg.Environment            : HHH000406: Using bytecode reflection optimizer
2023-10-26T21:44:15.841+05:30  INFO 15960 --- [restartedMain] o.s.o.j.p.SpringPersistenceUnitInfo      : No LoadTimeWeaver setup: ignoring JPA class transformer
2023-10-26T21:44:15.883+05:30  INFO 15960 --- [restartedMain] com.zaxxer.hikari.HikariDataSource       : HikariPool-1 - Starting...
2023-10-26T21:44:16.138+05:30  INFO 15960 --- [restartedMain] com.zaxxer.hikari.pool.HikariPool        : HikariPool-1 - Added connection org.postgresql.jdbc.PgConnection@58be00d4
2023-10-26T21:44:16.140+05:30  INFO 15960 --- [restartedMain] com.zaxxer.hikari.HikariDataSource       : HikariPool-1 - Start completed.
2023-10-26T21:44:16.188+05:30  WARN 15960 --- [restartedMain] org.hibernate.orm.deprecation            : HHH90000025: PostgreSQLDialect does not need to be specified explicitly using 'hibernate.dialect' (remove the property setting and it will be selected by default)
2023-10-26T21:44:17.065+05:30  WARN 15960 --- [restartedMain] EntityRepresentationStrategyPojoStandard : HHH000305: Could not create proxy factory for:com.capstoneproject.models.UserAssessment

org.hibernate.HibernateException: Getter methods of lazy classes cannot be final: com.capstoneproject.models.UserAssessment#getQuestion
	at org.hibernate.proxy.pojo.ProxyFactoryHelper.validateGetterSetterMethodProxyability(ProxyFactoryHelper.java:80) ~[hibernate-core-6.2.13.Final.jar:6.2.13.Final]
	at org.hibernate.metamodel.internal.EntityRepresentationStrategyPojoStandard.createProxyFactory(EntityRepresentationStrategyPojoStandard.java:229) ~[hibernate-core-6.2.13.Final.jar:6.2.13.Final]
	at org.hibernate.metamodel.internal.EntityRepresentationStrategyPojoStandard.<init>(EntityRepresentationStrategyPojoStandard.java:147) ~[hibernate-core-6.2.13.Final.jar:6.2.13.Final]
	at org.hibernate.metamodel.internal.ManagedTypeRepresentationResolverStandard.resolveStrategy(ManagedTypeRepresentationResolverStandard.java:62) ~[hibernate-core-6.2.13.Final.jar:6.2.13.Final]
	at org.hibernate.persister.entity.AbstractEntityPersister.<init>(AbstractEntityPersister.java:511) ~[hibernate-core-6.2.13.Final.jar:6.2.13.Final]
	at org.hibernate.persister.entity.SingleTableEntityPersister.<init>(SingleTableEntityPersister.java:140) ~[hibernate-core-6.2.13.Final.jar:6.2.13.Final]
	at java.base/jdk.internal.reflect.DirectConstructorHandleAccessor.newInstance(DirectConstructorHandleAccessor.java:67) ~[na:na]
	at java.base/java.lang.reflect.Constructor.newInstanceWithCaller(Constructor.java:500) ~[na:na]
	at java.base/java.lang.reflect.Constructor.newInstance(Constructor.java:484) ~[na:na]
	at org.hibernate.persister.internal.PersisterFactoryImpl.createEntityPersister(PersisterFactoryImpl.java:92) ~[hibernate-core-6.2.13.Final.jar:6.2.13.Final]
	at org.hibernate.persister.internal.PersisterFactoryImpl.createEntityPersister(PersisterFactoryImpl.java:75) ~[hibernate-core-6.2.13.Final.jar:6.2.13.Final]
	at org.hibernate.metamodel.model.domain.internal.MappingMetamodelImpl.processBootEntities(MappingMetamodelImpl.java:247) ~[hibernate-core-6.2.13.Final.jar:6.2.13.Final]
	at org.hibernate.metamodel.model.domain.internal.MappingMetamodelImpl.finishInitialization(MappingMetamodelImpl.java:185) ~[hibernate-core-6.2.13.Final.jar:6.2.13.Final]
	at org.hibernate.internal.SessionFactoryImpl.initializeMappingModel(SessionFactoryImpl.java:321) ~[hibernate-core-6.2.13.Final.jar:6.2.13.Final]
	at org.hibernate.internal.SessionFactoryImpl.<init>(SessionFactoryImpl.java:271) ~[hibernate-core-6.2.13.Final.jar:6.2.13.Final]
	at org.hibernate.boot.internal.SessionFactoryBuilderImpl.build(SessionFactoryBuilderImpl.java:444) ~[hibernate-core-6.2.13.Final.jar:6.2.13.Final]
	at org.hibernate.jpa.boot.internal.EntityManagerFactoryBuilderImpl.build(EntityManagerFactoryBuilderImpl.java:1458) ~[hibernate-core-6.2.13.Final.jar:6.2.13.Final]
	at org.springframework.orm.jpa.vendor.SpringHibernateJpaPersistenceProvider.createContainerEntityManagerFactory(SpringHibernateJpaPersistenceProvider.java:75) ~[spring-orm-6.0.13.jar:6.0.13]
	at org.springframework.orm.jpa.LocalContainerEntityManagerFactoryBean.createNativeEntityManagerFactory(LocalContainerEntityManagerFactoryBean.java:376) ~[spring-orm-6.0.13.jar:6.0.13]
	at org.springframework.orm.jpa.AbstractEntityManagerFactoryBean.buildNativeEntityManagerFactory(AbstractEntityManagerFactoryBean.java:409) ~[spring-orm-6.0.13.jar:6.0.13]
	at org.springframework.orm.jpa.AbstractEntityManagerFactoryBean.afterPropertiesSet(AbstractEntityManagerFactoryBean.java:396) ~[spring-orm-6.0.13.jar:6.0.13]
	at org.springframework.orm.jpa.LocalContainerEntityManagerFactoryBean.afterPropertiesSet(LocalContainerEntityManagerFactoryBean.java:352) ~[spring-orm-6.0.13.jar:6.0.13]
	at org.springframework.beans.factory.support.AbstractAutowireCapableBeanFactory.invokeInitMethods(AbstractAutowireCapableBeanFactory.java:1817) ~[spring-beans-6.0.13.jar:6.0.13]
	at org.springframework.beans.factory.support.AbstractAutowireCapableBeanFactory.initializeBean(AbstractAutowireCapableBeanFactory.java:1766) ~[spring-beans-6.0.13.jar:6.0.13]
	at org.springframework.beans.factory.support.AbstractAutowireCapableBeanFactory.doCreateBean(AbstractAutowireCapableBeanFactory.java:598) ~[spring-beans-6.0.13.jar:6.0.13]
	at org.springframework.beans.factory.support.AbstractAutowireCapableBeanFactory.createBean(AbstractAutowireCapableBeanFactory.java:520) ~[spring-beans-6.0.13.jar:6.0.13]
	at org.springframework.beans.factory.support.AbstractBeanFactory.lambda$doGetBean$0(AbstractBeanFactory.java:325) ~[spring-beans-6.0.13.jar:6.0.13]
	at org.springframework.beans.factory.support.DefaultSingletonBeanRegistry.getSingleton(DefaultSingletonBeanRegistry.java:234) ~[spring-beans-6.0.13.jar:6.0.13]
	at org.springframework.beans.factory.support.AbstractBeanFactory.doGetBean(AbstractBeanFactory.java:323) ~[spring-beans-6.0.13.jar:6.0.13]
	at org.springframework.beans.factory.support.AbstractBeanFactory.getBean(AbstractBeanFactory.java:199) ~[spring-beans-6.0.13.jar:6.0.13]
	at org.springframework.context.support.AbstractApplicationContext.getBean(AbstractApplicationContext.java:1166) ~[spring-context-6.0.13.jar:6.0.13]
	at org.springframework.context.support.AbstractApplicationContext.finishBeanFactoryInitialization(AbstractApplicationContext.java:940) ~[spring-context-6.0.13.jar:6.0.13]
	at org.springframework.context.support.AbstractApplicationContext.refresh(AbstractApplicationContext.java:616) ~[spring-context-6.0.13.jar:6.0.13]
	at org.springframework.boot.web.servlet.context.ServletWebServerApplicationContext.refresh(ServletWebServerApplicationContext.java:146) ~[spring-boot-3.1.5.jar:3.1.5]
	at org.springframework.boot.SpringApplication.refresh(SpringApplication.java:738) ~[spring-boot-3.1.5.jar:3.1.5]
	at org.springframework.boot.SpringApplication.refreshContext(SpringApplication.java:440) ~[spring-boot-3.1.5.jar:3.1.5]
	at org.springframework.boot.SpringApplication.run(SpringApplication.java:316) ~[spring-boot-3.1.5.jar:3.1.5]
	at org.springframework.boot.SpringApplication.run(SpringApplication.java:1306) ~[spring-boot-3.1.5.jar:3.1.5]
	at org.springframework.boot.SpringApplication.run(SpringApplication.java:1295) ~[spring-boot-3.1.5.jar:3.1.5]
	at com.capstoneproject.BackendApplication.run(BackendApplication.java:18) ~[classes/:na]
	at com.capstoneproject.BackendApplication.main(BackendApplication.java:26) ~[classes/:na]
	at java.base/jdk.internal.reflect.DirectMethodHandleAccessor.invoke(DirectMethodHandleAccessor.java:104) ~[na:na]
	at java.base/java.lang.reflect.Method.invoke(Method.java:578) ~[na:na]
	at org.springframework.boot.devtools.restart.RestartLauncher.run(RestartLauncher.java:50) ~[spring-boot-devtools-3.1.5.jar:3.1.5]

2023-10-26T21:44:17.293+05:30  INFO 15960 --- [restartedMain] o.h.e.t.j.p.i.JtaPlatformInitiator       : HHH000489: No JTA platform available (set 'hibernate.transaction.jta.platform' to enable JTA platform integration)
2023-10-26T21:44:17.479+05:30  INFO 15960 --- [restartedMain] j.LocalContainerEntityManagerFactoryBean : Initialized JPA EntityManagerFactory for persistence unit 'default'
2023-10-26T21:44:17.702+05:30  INFO 15960 --- [restartedMain] o.s.d.j.r.query.QueryEnhancerFactory     : Hibernate is in classpath; If applicable, HQL parser will be used.
2023-10-26T21:44:18.208+05:30  WARN 15960 --- [restartedMain] JpaBaseConfiguration$JpaWebConfiguration : spring.jpa.open-in-view is enabled by default. Therefore, database queries may be performed during view rendering. Explicitly configure spring.jpa.open-in-view to disable this warning
2023-10-26T21:44:18.507+05:30  INFO 15960 --- [restartedMain] o.s.b.d.a.OptionalLiveReloadServer       : LiveReload server is running on port 35729
2023-10-26T21:44:18.556+05:30  INFO 15960 --- [restartedMain] o.s.b.w.embedded.tomcat.TomcatWebServer  : Tomcat started on port(s): 8082 (http) with context path ''
2023-10-26T21:44:18.567+05:30  INFO 15960 --- [restartedMain] com.capstoneproject.BackendApplication   : Started BackendApplication in 6.008 seconds (process running for 7.233)
2023-10-26T21:47:25.257+05:30  INFO 15960 --- [RMI TCP Connection(5)-127.0.0.1] inMXBeanRegistrar$SpringApplicationAdmin : Application shutdown requested.
2023-10-26T21:47:25.268+05:30  INFO 15960 --- [RMI TCP Connection(5)-127.0.0.1] o.apache.catalina.core.StandardService   : Stopping service [Tomcat]
2023-10-26T21:47:25.276+05:30  INFO 15960 --- [RMI TCP Connection(5)-127.0.0.1] j.LocalContainerEntityManagerFactoryBean : Closing JPA EntityManagerFactory for persistence unit 'default'
2023-10-26T21:47:25.278+05:30  INFO 15960 --- [RMI TCP Connection(5)-127.0.0.1] com.zaxxer.hikari.HikariDataSource       : HikariPool-1 - Shutdown initiated...
2023-10-26T21:47:25.283+05:30  INFO 15960 --- [RMI TCP Connection(5)-127.0.0.1] com.zaxxer.hikari.HikariDataSource       : HikariPool-1 - Shutdown completed.
2023-10-26T21:55:02.649+05:30  INFO 25592 --- [restartedMain] com.capstoneproject.BackendApplication   : Starting BackendApplication using Java 20.0.2 with PID 25592 (D:\assignments\Assignments\Capstone-Project\backend\target\classes started by Yateesh Chandra in D:\assignments\Assignments\Capstone-Project\backend)
2023-10-26T21:55:02.651+05:30  INFO 25592 --- [restartedMain] com.capstoneproject.BackendApplication   : No active profile set, falling back to 1 default profile: "default"
2023-10-26T21:55:02.693+05:30  INFO 25592 --- [restartedMain] .e.DevToolsPropertyDefaultsPostProcessor : Devtools property defaults active! Set 'spring.devtools.add-properties' to 'false' to disable
2023-10-26T21:55:02.693+05:30  INFO 25592 --- [restartedMain] .e.DevToolsPropertyDefaultsPostProcessor : For additional web related logging consider setting the 'logging.level.web' property to 'DEBUG'
2023-10-26T21:55:03.808+05:30  INFO 25592 --- [restartedMain] .s.d.r.c.RepositoryConfigurationDelegate : Bootstrapping Spring Data JPA repositories in DEFAULT mode.
2023-10-26T21:55:03.885+05:30  INFO 25592 --- [restartedMain] .s.d.r.c.RepositoryConfigurationDelegate : Finished Spring Data repository scanning in 65 ms. Found 6 JPA repository interfaces.
2023-10-26T21:55:04.448+05:30  INFO 25592 --- [restartedMain] o.s.b.w.embedded.tomcat.TomcatWebServer  : Tomcat initialized with port(s): 8082 (http)
2023-10-26T21:55:04.456+05:30  INFO 25592 --- [restartedMain] o.apache.catalina.core.StandardService   : Starting service [Tomcat]
2023-10-26T21:55:04.456+05:30  INFO 25592 --- [restartedMain] o.apache.catalina.core.StandardEngine    : Starting Servlet engine: [Apache Tomcat/10.1.15]
2023-10-26T21:55:04.513+05:30  INFO 25592 --- [restartedMain] o.a.c.c.C.[Tomcat].[localhost].[/]       : Initializing Spring embedded WebApplicationContext
2023-10-26T21:55:04.514+05:30  INFO 25592 --- [restartedMain] w.s.c.ServletWebServerApplicationContext : Root WebApplicationContext: initialization completed in 1820 ms
2023-10-26T21:55:04.639+05:30  INFO 25592 --- [restartedMain] o.hibernate.jpa.internal.util.LogHelper  : HHH000204: Processing PersistenceUnitInfo [name: default]
2023-10-26T21:55:04.677+05:30  INFO 25592 --- [restartedMain] org.hibernate.Version                    : HHH000412: Hibernate ORM core version 6.2.13.Final
2023-10-26T21:55:04.706+05:30  INFO 25592 --- [restartedMain] org.hibernate.cfg.Environment            : HHH000406: Using bytecode reflection optimizer
2023-10-26T21:55:04.916+05:30  INFO 25592 --- [restartedMain] o.s.o.j.p.SpringPersistenceUnitInfo      : No LoadTimeWeaver setup: ignoring JPA class transformer
2023-10-26T21:55:04.939+05:30  INFO 25592 --- [restartedMain] com.zaxxer.hikari.HikariDataSource       : HikariPool-1 - Starting...
2023-10-26T21:55:05.078+05:30  INFO 25592 --- [restartedMain] com.zaxxer.hikari.pool.HikariPool        : HikariPool-1 - Added connection org.postgresql.jdbc.PgConnection@52cf7426
2023-10-26T21:55:05.079+05:30  INFO 25592 --- [restartedMain] com.zaxxer.hikari.HikariDataSource       : HikariPool-1 - Start completed.
2023-10-26T21:55:05.108+05:30  WARN 25592 --- [restartedMain] org.hibernate.orm.deprecation            : HHH90000025: PostgreSQLDialect does not need to be specified explicitly using 'hibernate.dialect' (remove the property setting and it will be selected by default)
2023-10-26T21:55:05.931+05:30  INFO 25592 --- [restartedMain] o.h.e.t.j.p.i.JtaPlatformInitiator       : HHH000489: No JTA platform available (set 'hibernate.transaction.jta.platform' to enable JTA platform integration)
2023-10-26T21:55:06.056+05:30  INFO 25592 --- [restartedMain] j.LocalContainerEntityManagerFactoryBean : Initialized JPA EntityManagerFactory for persistence unit 'default'
2023-10-26T21:55:06.268+05:30  INFO 25592 --- [restartedMain] o.s.d.j.r.query.QueryEnhancerFactory     : Hibernate is in classpath; If applicable, HQL parser will be used.
2023-10-26T21:55:06.741+05:30  WARN 25592 --- [restartedMain] JpaBaseConfiguration$JpaWebConfiguration : spring.jpa.open-in-view is enabled by default. Therefore, database queries may be performed during view rendering. Explicitly configure spring.jpa.open-in-view to disable this warning
2023-10-26T21:55:07.033+05:30  INFO 25592 --- [restartedMain] o.s.b.d.a.OptionalLiveReloadServer       : LiveReload server is running on port 35729
2023-10-26T21:55:07.079+05:30  INFO 25592 --- [restartedMain] o.s.b.w.embedded.tomcat.TomcatWebServer  : Tomcat started on port(s): 8082 (http) with context path ''
2023-10-26T21:55:07.087+05:30  INFO 25592 --- [restartedMain] com.capstoneproject.BackendApplication   : Started BackendApplication in 4.785 seconds (process running for 5.823)
2023-10-26T21:55:49.471+05:30  INFO 25592 --- [RMI TCP Connection(4)-127.0.0.1] inMXBeanRegistrar$SpringApplicationAdmin : Application shutdown requested.
2023-10-26T21:55:49.480+05:30  INFO 25592 --- [RMI TCP Connection(4)-127.0.0.1] o.apache.catalina.core.StandardService   : Stopping service [Tomcat]
2023-10-26T21:55:49.488+05:30  INFO 25592 --- [RMI TCP Connection(4)-127.0.0.1] j.LocalContainerEntityManagerFactoryBean : Closing JPA EntityManagerFactory for persistence unit 'default'
2023-10-26T21:55:49.492+05:30  INFO 25592 --- [RMI TCP Connection(4)-127.0.0.1] com.zaxxer.hikari.HikariDataSource       : HikariPool-1 - Shutdown initiated...
2023-10-26T21:55:49.494+05:30  INFO 25592 --- [RMI TCP Connection(4)-127.0.0.1] com.zaxxer.hikari.HikariDataSource       : HikariPool-1 - Shutdown completed.
2023-10-26T21:55:59.858+05:30  INFO 24828 --- [restartedMain] com.capstoneproject.BackendApplication   : Starting BackendApplication using Java 20.0.2 with PID 24828 (D:\assignments\Assignments\Capstone-Project\backend\target\classes started by Yateesh Chandra in D:\assignments\Assignments\Capstone-Project\backend)
2023-10-26T21:55:59.860+05:30  INFO 24828 --- [restartedMain] com.capstoneproject.BackendApplication   : No active profile set, falling back to 1 default profile: "default"
2023-10-26T21:55:59.921+05:30  INFO 24828 --- [restartedMain] .e.DevToolsPropertyDefaultsPostProcessor : Devtools property defaults active! Set 'spring.devtools.add-properties' to 'false' to disable
2023-10-26T21:55:59.922+05:30  INFO 24828 --- [restartedMain] .e.DevToolsPropertyDefaultsPostProcessor : For additional web related logging consider setting the 'logging.level.web' property to 'DEBUG'
2023-10-26T21:56:00.922+05:30  INFO 24828 --- [restartedMain] .s.d.r.c.RepositoryConfigurationDelegate : Bootstrapping Spring Data JPA repositories in DEFAULT mode.
2023-10-26T21:56:00.996+05:30  INFO 24828 --- [restartedMain] .s.d.r.c.RepositoryConfigurationDelegate : Finished Spring Data repository scanning in 67 ms. Found 6 JPA repository interfaces.
2023-10-26T21:56:01.497+05:30  INFO 24828 --- [restartedMain] o.s.b.w.embedded.tomcat.TomcatWebServer  : Tomcat initialized with port(s): 8082 (http)
2023-10-26T21:56:01.504+05:30  INFO 24828 --- [restartedMain] o.apache.catalina.core.StandardService   : Starting service [Tomcat]
2023-10-26T21:56:01.505+05:30  INFO 24828 --- [restartedMain] o.apache.catalina.core.StandardEngine    : Starting Servlet engine: [Apache Tomcat/10.1.15]
2023-10-26T21:56:01.570+05:30  INFO 24828 --- [restartedMain] o.a.c.c.C.[Tomcat].[localhost].[/]       : Initializing Spring embedded WebApplicationContext
2023-10-26T21:56:01.571+05:30  INFO 24828 --- [restartedMain] w.s.c.ServletWebServerApplicationContext : Root WebApplicationContext: initialization completed in 1649 ms
2023-10-26T21:56:01.689+05:30  INFO 24828 --- [restartedMain] o.hibernate.jpa.internal.util.LogHelper  : HHH000204: Processing PersistenceUnitInfo [name: default]
2023-10-26T21:56:01.725+05:30  INFO 24828 --- [restartedMain] org.hibernate.Version                    : HHH000412: Hibernate ORM core version 6.2.13.Final
2023-10-26T21:56:01.727+05:30  INFO 24828 --- [restartedMain] org.hibernate.cfg.Environment            : HHH000406: Using bytecode reflection optimizer
2023-10-26T21:56:01.939+05:30  INFO 24828 --- [restartedMain] o.s.o.j.p.SpringPersistenceUnitInfo      : No LoadTimeWeaver setup: ignoring JPA class transformer
2023-10-26T21:56:01.963+05:30  INFO 24828 --- [restartedMain] com.zaxxer.hikari.HikariDataSource       : HikariPool-1 - Starting...
2023-10-26T21:56:02.100+05:30  INFO 24828 --- [restartedMain] com.zaxxer.hikari.pool.HikariPool        : HikariPool-1 - Added connection org.postgresql.jdbc.PgConnection@1bfa7ab0
2023-10-26T21:56:02.101+05:30  INFO 24828 --- [restartedMain] com.zaxxer.hikari.HikariDataSource       : HikariPool-1 - Start completed.
2023-10-26T21:56:02.132+05:30  WARN 24828 --- [restartedMain] org.hibernate.orm.deprecation            : HHH90000025: PostgreSQLDialect does not need to be specified explicitly using 'hibernate.dialect' (remove the property setting and it will be selected by default)
2023-10-26T21:56:03.041+05:30  INFO 24828 --- [restartedMain] o.h.e.t.j.p.i.JtaPlatformInitiator       : HHH000489: No JTA platform available (set 'hibernate.transaction.jta.platform' to enable JTA platform integration)
2023-10-26T21:56:03.147+05:30  INFO 24828 --- [restartedMain] j.LocalContainerEntityManagerFactoryBean : Initialized JPA EntityManagerFactory for persistence unit 'default'
2023-10-26T21:56:03.385+05:30  INFO 24828 --- [restartedMain] o.s.d.j.r.query.QueryEnhancerFactory     : Hibernate is in classpath; If applicable, HQL parser will be used.
2023-10-26T21:56:03.831+05:30  WARN 24828 --- [restartedMain] JpaBaseConfiguration$JpaWebConfiguration : spring.jpa.open-in-view is enabled by default. Therefore, database queries may be performed during view rendering. Explicitly configure spring.jpa.open-in-view to disable this warning
2023-10-26T21:56:04.072+05:30  INFO 24828 --- [restartedMain] o.s.b.d.a.OptionalLiveReloadServer       : LiveReload server is running on port 35729
2023-10-26T21:56:04.109+05:30  INFO 24828 --- [restartedMain] o.s.b.w.embedded.tomcat.TomcatWebServer  : Tomcat started on port(s): 8082 (http) with context path ''
2023-10-26T21:56:04.118+05:30  INFO 24828 --- [restartedMain] com.capstoneproject.BackendApplication   : Started BackendApplication in 4.658 seconds (process running for 5.691)
2023-10-26T21:57:55.538+05:30  INFO 24828 --- [File Watcher] rtingClassPathChangeChangedEventListener : Restarting due to 5 class path changes (0 additions, 5 deletions, 0 modifications)
2023-10-26T21:57:55.551+05:30  INFO 24828 --- [Thread-5] o.apache.catalina.core.StandardService   : Stopping service [Tomcat]
2023-10-26T21:57:55.596+05:30  INFO 24828 --- [Thread-5] j.LocalContainerEntityManagerFactoryBean : Closing JPA EntityManagerFactory for persistence unit 'default'
2023-10-26T21:57:55.601+05:30  INFO 24828 --- [Thread-5] com.zaxxer.hikari.HikariDataSource       : HikariPool-1 - Shutdown initiated...
2023-10-26T21:57:55.671+05:30  INFO 24828 --- [Thread-5] com.zaxxer.hikari.HikariDataSource       : HikariPool-1 - Shutdown completed.
2023-10-26T21:57:56.031+05:30  INFO 24828 --- [restartedMain] com.capstoneproject.BackendApplication   : Starting BackendApplication using Java 20.0.2 with PID 24828 (D:\assignments\Assignments\Capstone-Project\backend\target\classes started by Yateesh Chandra in D:\assignments\Assignments\Capstone-Project\backend)
2023-10-26T21:57:56.032+05:30  INFO 24828 --- [restartedMain] com.capstoneproject.BackendApplication   : No active profile set, falling back to 1 default profile: "default"
2023-10-26T21:57:56.330+05:30  INFO 24828 --- [restartedMain] .s.d.r.c.RepositoryConfigurationDelegate : Bootstrapping Spring Data JPA repositories in DEFAULT mode.
2023-10-26T21:57:56.398+05:30  INFO 24828 --- [restartedMain] .s.d.r.c.RepositoryConfigurationDelegate : Finished Spring Data repository scanning in 66 ms. Found 6 JPA repository interfaces.
2023-10-26T21:57:56.622+05:30  INFO 24828 --- [restartedMain] o.s.b.w.embedded.tomcat.TomcatWebServer  : Tomcat initialized with port(s): 8082 (http)
2023-10-26T21:57:56.623+05:30  INFO 24828 --- [restartedMain] o.apache.catalina.core.StandardService   : Starting service [Tomcat]
2023-10-26T21:57:56.624+05:30  INFO 24828 --- [restartedMain] o.apache.catalina.core.StandardEngine    : Starting Servlet engine: [Apache Tomcat/10.1.15]
2023-10-26T21:57:56.648+05:30  INFO 24828 --- [restartedMain] o.a.c.c.C.[Tomcat].[localhost].[/]       : Initializing Spring embedded WebApplicationContext
2023-10-26T21:57:56.648+05:30  INFO 24828 --- [restartedMain] w.s.c.ServletWebServerApplicationContext : Root WebApplicationContext: initialization completed in 612 ms
2023-10-26T21:57:56.725+05:30  INFO 24828 --- [restartedMain] o.hibernate.jpa.internal.util.LogHelper  : HHH000204: Processing PersistenceUnitInfo [name: default]
2023-10-26T21:57:56.739+05:30  INFO 24828 --- [restartedMain] o.s.o.j.p.SpringPersistenceUnitInfo      : No LoadTimeWeaver setup: ignoring JPA class transformer
2023-10-26T21:57:56.740+05:30  INFO 24828 --- [restartedMain] com.zaxxer.hikari.HikariDataSource       : HikariPool-2 - Starting...
2023-10-26T21:57:56.803+05:30  INFO 24828 --- [restartedMain] com.zaxxer.hikari.pool.HikariPool        : HikariPool-2 - Added connection org.postgresql.jdbc.PgConnection@3c5bbf3f
2023-10-26T21:57:56.804+05:30  INFO 24828 --- [restartedMain] com.zaxxer.hikari.HikariDataSource       : HikariPool-2 - Start completed.
2023-10-26T21:57:56.818+05:30  WARN 24828 --- [restartedMain] org.hibernate.orm.deprecation            : HHH90000025: PostgreSQLDialect does not need to be specified explicitly using 'hibernate.dialect' (remove the property setting and it will be selected by default)
2023-10-26T21:57:57.260+05:30  INFO 24828 --- [restartedMain] o.h.e.t.j.p.i.JtaPlatformInitiator       : HHH000489: No JTA platform available (set 'hibernate.transaction.jta.platform' to enable JTA platform integration)
2023-10-26T21:57:57.364+05:30  INFO 24828 --- [restartedMain] j.LocalContainerEntityManagerFactoryBean : Initialized JPA EntityManagerFactory for persistence unit 'default'
2023-10-26T21:57:58.111+05:30  WARN 24828 --- [restartedMain] JpaBaseConfiguration$JpaWebConfiguration : spring.jpa.open-in-view is enabled by default. Therefore, database queries may be performed during view rendering. Explicitly configure spring.jpa.open-in-view to disable this warning
2023-10-26T21:57:58.322+05:30  INFO 24828 --- [restartedMain] o.s.b.d.a.OptionalLiveReloadServer       : LiveReload server is running on port 35729
2023-10-26T21:57:58.346+05:30  INFO 24828 --- [restartedMain] o.s.b.w.embedded.tomcat.TomcatWebServer  : Tomcat started on port(s): 8082 (http) with context path ''
2023-10-26T21:57:58.352+05:30  INFO 24828 --- [restartedMain] com.capstoneproject.BackendApplication   : Started BackendApplication in 2.392 seconds (process running for 119.924)
2023-10-26T21:57:58.356+05:30  INFO 24828 --- [restartedMain] .ConditionEvaluationDeltaLoggingListener : Condition evaluation unchanged
2023-10-26T21:57:59.116+05:30  INFO 18756 --- [main] c.c.BackendApplicationTests              : Starting BackendApplicationTests using Java 20.0.2 with PID 18756 (started by Yateesh Chandra in D:\assignments\Assignments\Capstone-Project\backend)
2023-10-26T21:57:59.119+05:30  INFO 18756 --- [main] c.c.BackendApplicationTests              : No active profile set, falling back to 1 default profile: "default"
2023-10-26T21:58:00.328+05:30  INFO 18756 --- [main] .s.d.r.c.RepositoryConfigurationDelegate : Bootstrapping Spring Data JPA repositories in DEFAULT mode.
2023-10-26T21:58:00.453+05:30  INFO 18756 --- [main] .s.d.r.c.RepositoryConfigurationDelegate : Finished Spring Data repository scanning in 108 ms. Found 6 JPA repository interfaces.
2023-10-26T21:58:01.198+05:30  INFO 18756 --- [main] o.hibernate.jpa.internal.util.LogHelper  : HHH000204: Processing PersistenceUnitInfo [name: default]
2023-10-26T21:58:01.314+05:30  INFO 18756 --- [main] org.hibernate.Version                    : HHH000412: Hibernate ORM core version 6.2.13.Final
2023-10-26T21:58:01.319+05:30  INFO 18756 --- [main] org.hibernate.cfg.Environment            : HHH000406: Using bytecode reflection optimizer
2023-10-26T21:58:01.839+05:30  INFO 18756 --- [main] o.s.o.j.p.SpringPersistenceUnitInfo      : No LoadTimeWeaver setup: ignoring JPA class transformer
2023-10-26T21:58:01.889+05:30  INFO 18756 --- [main] com.zaxxer.hikari.HikariDataSource       : HikariPool-1 - Starting...
2023-10-26T21:58:02.201+05:30  INFO 18756 --- [main] com.zaxxer.hikari.pool.HikariPool        : HikariPool-1 - Added connection org.postgresql.jdbc.PgConnection@3ef85262
2023-10-26T21:58:02.203+05:30  INFO 18756 --- [main] com.zaxxer.hikari.HikariDataSource       : HikariPool-1 - Start completed.
2023-10-26T21:58:02.265+05:30  WARN 18756 --- [main] org.hibernate.orm.deprecation            : HHH90000025: PostgreSQLDialect does not need to be specified explicitly using 'hibernate.dialect' (remove the property setting and it will be selected by default)
2023-10-26T21:58:03.909+05:30  INFO 18756 --- [main] o.h.e.t.j.p.i.JtaPlatformInitiator       : HHH000489: No JTA platform available (set 'hibernate.transaction.jta.platform' to enable JTA platform integration)
2023-10-26T21:58:04.035+05:30  INFO 18756 --- [main] j.LocalContainerEntityManagerFactoryBean : Initialized JPA EntityManagerFactory for persistence unit 'default'
2023-10-26T21:58:04.378+05:30  INFO 18756 --- [main] o.s.d.j.r.query.QueryEnhancerFactory     : Hibernate is in classpath; If applicable, HQL parser will be used.
2023-10-26T21:58:05.538+05:30  WARN 18756 --- [main] JpaBaseConfiguration$JpaWebConfiguration : spring.jpa.open-in-view is enabled by default. Therefore, database queries may be performed during view rendering. Explicitly configure spring.jpa.open-in-view to disable this warning
2023-10-26T21:58:06.076+05:30  INFO 18756 --- [main] c.c.BackendApplicationTests              : Started BackendApplicationTests in 7.711 seconds (process running for 11.184)
2023-10-26T21:58:06.844+05:30  INFO 18756 --- [main] o.s.b.d.r.RestartApplicationListener     : Restart disabled due to context in which it is running
2023-10-26T21:58:06.876+05:30  INFO 18756 --- [main] com.capstoneproject.BackendApplication   : Starting BackendApplication using Java 20.0.2 with PID 18756 (started by Yateesh Chandra in D:\assignments\Assignments\Capstone-Project\backend)
2023-10-26T21:58:06.876+05:30  INFO 18756 --- [main] com.capstoneproject.BackendApplication   : No active profile set, falling back to 1 default profile: "default"
2023-10-26T21:58:07.166+05:30  INFO 18756 --- [main] .s.d.r.c.RepositoryConfigurationDelegate : Bootstrapping Spring Data JPA repositories in DEFAULT mode.
2023-10-26T21:58:07.189+05:30  INFO 18756 --- [main] .s.d.r.c.RepositoryConfigurationDelegate : Finished Spring Data repository scanning in 22 ms. Found 6 JPA repository interfaces.
2023-10-26T21:58:07.514+05:30  INFO 18756 --- [main] o.s.b.w.embedded.tomcat.TomcatWebServer  : Tomcat initialized with port(s): 8082 (http)
2023-10-26T21:58:07.542+05:30  INFO 18756 --- [main] o.apache.catalina.core.StandardService   : Starting service [Tomcat]
2023-10-26T21:58:07.543+05:30  INFO 18756 --- [main] o.apache.catalina.core.StandardEngine    : Starting Servlet engine: [Apache Tomcat/10.1.15]
2023-10-26T21:58:07.698+05:30  INFO 18756 --- [main] o.a.c.c.C.[Tomcat].[localhost].[/]       : Initializing Spring embedded WebApplicationContext
2023-10-26T21:58:07.699+05:30  INFO 18756 --- [main] w.s.c.ServletWebServerApplicationContext : Root WebApplicationContext: initialization completed in 818 ms
2023-10-26T21:58:07.798+05:30  INFO 18756 --- [main] o.hibernate.jpa.internal.util.LogHelper  : HHH000204: Processing PersistenceUnitInfo [name: default]
2023-10-26T21:58:07.812+05:30  INFO 18756 --- [main] o.s.o.j.p.SpringPersistenceUnitInfo      : No LoadTimeWeaver setup: ignoring JPA class transformer
2023-10-26T21:58:07.814+05:30  INFO 18756 --- [main] com.zaxxer.hikari.HikariDataSource       : HikariPool-2 - Starting...
2023-10-26T21:58:07.870+05:30  INFO 18756 --- [main] com.zaxxer.hikari.pool.HikariPool        : HikariPool-2 - Added connection org.postgresql.jdbc.PgConnection@60a0cb32
2023-10-26T21:58:07.871+05:30  INFO 18756 --- [main] com.zaxxer.hikari.HikariDataSource       : HikariPool-2 - Start completed.
2023-10-26T21:58:07.881+05:30  WARN 18756 --- [main] org.hibernate.orm.deprecation            : HHH90000025: PostgreSQLDialect does not need to be specified explicitly using 'hibernate.dialect' (remove the property setting and it will be selected by default)
2023-10-26T21:58:08.126+05:30  INFO 18756 --- [main] o.h.e.t.j.p.i.JtaPlatformInitiator       : HHH000489: No JTA platform available (set 'hibernate.transaction.jta.platform' to enable JTA platform integration)
2023-10-26T21:58:08.222+05:30  INFO 18756 --- [main] j.LocalContainerEntityManagerFactoryBean : Initialized JPA EntityManagerFactory for persistence unit 'default'
2023-10-26T21:58:08.423+05:30  WARN 18756 --- [main] JpaBaseConfiguration$JpaWebConfiguration : spring.jpa.open-in-view is enabled by default. Therefore, database queries may be performed during view rendering. Explicitly configure spring.jpa.open-in-view to disable this warning
2023-10-26T21:58:08.588+05:30  WARN 18756 --- [main] ConfigServletWebServerApplicationContext : Exception encountered during context initialization - cancelling refresh attempt: org.springframework.context.ApplicationContextException: Failed to start bean 'webServerStartStop'
2023-10-26T21:58:08.592+05:30  INFO 18756 --- [main] j.LocalContainerEntityManagerFactoryBean : Closing JPA EntityManagerFactory for persistence unit 'default'
2023-10-26T21:58:08.597+05:30  INFO 18756 --- [main] com.zaxxer.hikari.HikariDataSource       : HikariPool-2 - Shutdown initiated...
2023-10-26T21:58:08.632+05:30  INFO 18756 --- [main] com.zaxxer.hikari.HikariDataSource       : HikariPool-2 - Shutdown completed.
2023-10-26T21:58:08.634+05:30  INFO 18756 --- [main] o.apache.catalina.core.StandardService   : Stopping service [Tomcat]
2023-10-26T21:58:08.645+05:30  INFO 18756 --- [main] .s.b.a.l.ConditionEvaluationReportLogger : 

Error starting ApplicationContext. To display the condition evaluation report re-run your application with 'debug' enabled.
2023-10-26T21:58:08.680+05:30 ERROR 18756 --- [main] o.s.b.d.LoggingFailureAnalysisReporter   : 

***************************
APPLICATION FAILED TO START
***************************

Description:

Web server failed to start. Port 8082 was already in use.

Action:

Identify and stop the process that's listening on port 8082 or configure this application to listen on another port.

2023-10-26T21:58:09.335+05:30 ERROR 18756 --- [main] c.c.service.CategoryService              : Category already Exists
2023-10-26T21:58:09.345+05:30  INFO 18756 --- [main] c.c.service.CategoryService              : Categories fetched Successfully
2023-10-26T21:58:09.347+05:30  INFO 18756 --- [main] c.c.service.CategoryService              : Converting Model to DTO
2023-10-26T21:58:09.347+05:30  INFO 18756 --- [main] c.c.service.CategoryService              : Converting Model to DTO
2023-10-26T21:58:09.375+05:30  INFO 18756 --- [main] c.c.service.CategoryService              : Category Found
2023-10-26T21:58:09.376+05:30 ERROR 18756 --- [main] c.c.service.CategoryService              : Category already Exists
2023-10-26T21:58:09.388+05:30  INFO 18756 --- [main] c.c.service.CategoryService              : Category Found
2023-10-26T21:58:09.389+05:30  INFO 18756 --- [main] c.c.service.CategoryService              : Category updated Successfully
2023-10-26T21:58:09.398+05:30  INFO 18756 --- [main] c.c.service.CategoryService              : Category deleted Successfully
2023-10-26T21:58:09.405+05:30  INFO 18756 --- [main] c.c.service.CategoryService              : Category added Successfully
2023-10-26T21:58:09.422+05:30  INFO 18756 --- [main] c.c.service.CategoryService              : Categories fetched by Id Successfully
2023-10-26T21:58:09.899+05:30  INFO 18756 --- [main] c.c.service.UserResponsesService         : Responses added Successfully
2023-10-26T21:58:09.909+05:30  INFO 18756 --- [main] c.c.service.UserResponsesService         : Responses added Successfully
2023-10-26T21:58:09.934+05:30  INFO 18756 --- [main] c.c.service.UserResponsesService         : Responses added Successfully
2023-10-26T21:58:09.943+05:30  INFO 18756 --- [main] c.c.service.UserResponsesService         : Responses added Successfully
2023-10-26T21:58:09.952+05:30  INFO 18756 --- [main] c.c.service.UserResponsesService         : Responses added Successfully
2023-10-26T21:58:10.023+05:30 ERROR 18756 --- [main] c.capstoneproject.service.UserService    : Email does not exist.!
2023-10-26T21:58:10.028+05:30  INFO 18756 --- [main] c.capstoneproject.service.UserService    : Users fetched successfully
2023-10-26T21:58:10.029+05:30  INFO 18756 --- [main] c.capstoneproject.service.UserService    : Converting Model to DTO
2023-10-26T21:58:10.030+05:30  INFO 18756 --- [main] c.capstoneproject.service.UserService    : Converting Model to DTO
2023-10-26T21:58:10.041+05:30  INFO 18756 --- [main] c.capstoneproject.service.UserService    : User deleted Successfully
2023-10-26T21:58:10.048+05:30  INFO 18756 --- [main] c.capstoneproject.service.UserService    : User registered Successfully
2023-10-26T21:58:10.053+05:30 ERROR 18756 --- [main] c.capstoneproject.service.UserService    : Email already Exists
2023-10-26T21:58:10.059+05:30  INFO 18756 --- [main] c.capstoneproject.service.UserService    : Logged in Successfully
2023-10-26T21:58:10.067+05:30 ERROR 18756 --- [main] c.capstoneproject.service.UserService    : Invalid Password
2023-10-26T21:58:10.073+05:30  INFO 18756 --- [main] c.c.service.AllResultsService            : Successfully fetched Results By User Id
2023-10-26T21:58:10.075+05:30  INFO 18756 --- [main] c.c.service.AllResultsService            : Converting Model to DTO
2023-10-26T21:58:10.075+05:30  INFO 18756 --- [main] c.c.service.AllResultsService            : Converting Model to DTO
2023-10-26T21:58:10.080+05:30  INFO 18756 --- [main] c.c.service.AllResultsService            : Successfully fetched Results of all Users
2023-10-26T21:58:10.081+05:30  INFO 18756 --- [main] c.c.service.AllResultsService            : Converting Model to DTO
2023-10-26T21:58:10.082+05:30  INFO 18756 --- [main] c.c.service.AllResultsService            : Converting Model to DTO
2023-10-26T21:58:10.198+05:30  INFO 18756 --- [main] c.c.service.QuestionService              : Question Found
2023-10-26T21:58:10.198+05:30 ERROR 18756 --- [main] c.c.service.QuestionService              : Options should not be repeated
2023-10-26T21:58:10.216+05:30  INFO 18756 --- [main] c.c.service.QuestionService              : Question Found
2023-10-26T21:58:10.216+05:30 ERROR 18756 --- [main] c.c.service.QuestionService              : Correct Option does not match any option
2023-10-26T21:58:10.233+05:30  INFO 18756 --- [main] c.c.service.QuestionService              : Question added Successfully
2023-10-26T21:58:10.245+05:30  INFO 18756 --- [main] c.c.service.QuestionService              : Quiz Found
2023-10-26T21:58:10.245+05:30  INFO 18756 --- [main] c.c.service.QuestionService              : Questions fetched Successfully By Quiz Id
2023-10-26T21:58:10.246+05:30  INFO 18756 --- [main] c.c.service.QuestionService              : Converting Model to DTO
2023-10-26T21:58:10.247+05:30  INFO 18756 --- [main] c.c.service.QuestionService              : Converting Model to DTO
2023-10-26T21:58:10.252+05:30  INFO 18756 --- [main] c.c.service.QuestionService              : Question Found
2023-10-26T21:58:10.253+05:30 ERROR 18756 --- [main] c.c.service.QuestionService              : Options should not be repeated
2023-10-26T21:58:10.258+05:30  INFO 18756 --- [main] c.c.service.QuestionService              : Question Found
2023-10-26T21:58:10.258+05:30 ERROR 18756 --- [main] c.c.service.QuestionService              : Correct Option does not match any option
2023-10-26T21:58:10.264+05:30  INFO 18756 --- [main] c.c.service.QuestionService              : Question Found
2023-10-26T21:58:10.264+05:30 ERROR 18756 --- [main] c.c.service.QuestionService              : Correct Option does not match any option
2023-10-26T21:58:10.289+05:30 ERROR 18756 --- [main] c.c.service.QuestionService              : Options should not be repeated
2023-10-26T21:58:10.295+05:30  INFO 18756 --- [main] c.c.service.QuestionService              : Question deleted Successfully
2023-10-26T21:58:10.310+05:30 ERROR 18756 --- [main] c.c.service.QuestionService              : Correct Option does not match any option
2023-10-26T21:58:10.321+05:30  INFO 18756 --- [main] c.c.service.QuestionService              : Question Found
2023-10-26T21:58:10.321+05:30 ERROR 18756 --- [main] c.c.service.QuestionService              : Options should not be repeated
2023-10-26T21:58:10.325+05:30 ERROR 18756 --- [main] c.c.service.QuestionService              : Correct Option does not match any option
2023-10-26T21:58:10.334+05:30  INFO 18756 --- [main] c.c.service.QuestionService              : Questions fetched Successfully
2023-10-26T21:58:10.335+05:30  INFO 18756 --- [main] c.c.service.QuestionService              : Converting Model to DTO
2023-10-26T21:58:10.335+05:30  INFO 18756 --- [main] c.c.service.QuestionService              : Converting Model to DTO
2023-10-26T21:58:10.340+05:30  INFO 18756 --- [main] c.c.service.QuestionService              : Question Found
2023-10-26T21:58:10.341+05:30 ERROR 18756 --- [main] c.c.service.QuestionService              : Correct Option does not match any option
2023-10-26T21:58:10.346+05:30  INFO 18756 --- [main] c.c.service.QuestionService              : Question Found
2023-10-26T21:58:10.347+05:30 ERROR 18756 --- [main] c.c.service.QuestionService              : Options should not be repeated
2023-10-26T21:58:10.352+05:30  INFO 18756 --- [main] c.c.service.QuestionService              : Question fetched Successfully with Id
2023-10-26T21:58:10.359+05:30  INFO 18756 --- [main] c.c.service.QuestionService              : Question added Successfully
2023-10-26T21:58:10.367+05:30  INFO 18756 --- [main] c.capstoneproject.service.QuizService    : Quiz added Successfully
2023-10-26T21:58:10.374+05:30  INFO 18756 --- [main] c.capstoneproject.service.QuizService    : Quiz Found
2023-10-26T21:58:10.382+05:30  INFO 18756 --- [main] c.capstoneproject.service.QuizService    : Quizzes fetched Successfully
2023-10-26T21:58:10.384+05:30  INFO 18756 --- [main] c.capstoneproject.service.QuizService    : Converting Model to DTO
2023-10-26T21:58:10.384+05:30  INFO 18756 --- [main] c.capstoneproject.service.QuizService    : Converting Model to DTO
2023-10-26T21:58:10.398+05:30  INFO 18756 --- [main] c.capstoneproject.service.QuizService    : Quiz Found
2023-10-26T21:58:10.399+05:30  INFO 18756 --- [main] c.capstoneproject.service.QuizService    : Quiz updated Successfully
2023-10-26T21:58:10.403+05:30  INFO 18756 --- [main] c.capstoneproject.service.QuizService    : Quiz fetched Successfully with Quiz Id
2023-10-26T21:58:10.407+05:30  INFO 18756 --- [main] c.capstoneproject.service.QuizService    : Quiz deleted Successfully
2023-10-26T21:58:10.416+05:30  INFO 18756 --- [main] c.capstoneproject.service.QuizService    : Category Found
2023-10-26T21:58:10.417+05:30  INFO 18756 --- [main] c.capstoneproject.service.QuizService    : Quizzes fetched Successfully By Category Id
2023-10-26T21:58:10.418+05:30  INFO 18756 --- [main] c.capstoneproject.service.QuizService    : Converting Model to DTO
2023-10-26T21:58:10.418+05:30  INFO 18756 --- [main] c.capstoneproject.service.QuizService    : Converting Model to DTO
2023-10-26T21:58:10.423+05:30  INFO 18756 --- [main] c.capstoneproject.service.QuizService    : Quiz Found
2023-10-26T21:58:10.430+05:30 ERROR 18756 --- [main] c.capstoneproject.service.QuizService    : Quiz already Exists
2023-10-26T21:58:10.435+05:30  INFO 18756 --- [main] c.capstoneproject.service.QuizService    : Quiz Found
2023-10-26T21:58:10.436+05:30 ERROR 18756 --- [main] c.capstoneproject.service.QuizService    : Quiz already Exists
2023-10-26T21:58:10.440+05:30  INFO 18756 --- [main] c.capstoneproject.service.QuizService    : Quiz Found
2023-10-26T21:58:10.993+05:30  INFO 18756 --- [main] c.c.controller.AllResultsController      : Category added Successfully
2023-10-26T21:58:11.007+05:30  INFO 18756 --- [main] c.c.controller.AllResultsController      : Categories fetched Successfully
2023-10-26T21:58:11.012+05:30  INFO 18756 --- [main] c.c.controller.AllResultsController      : Category updated Successfully
2023-10-26T21:58:11.019+05:30  INFO 18756 --- [main] c.c.controller.AllResultsController      : Category deleted Successfully
2023-10-26T21:58:11.024+05:30  INFO 18756 --- [main] c.c.controller.AllResultsController      : Categories fetched by Id Successfully
2023-10-26T21:58:11.092+05:30  INFO 18756 --- [main] c.c.controller.UserController            : Users fetched successfully
2023-10-26T21:58:11.096+05:30  INFO 18756 --- [main] c.c.controller.UserController            : User registered Successfully
2023-10-26T21:58:11.101+05:30  INFO 18756 --- [main] c.c.controller.UserController            : Logged in Successfully
2023-10-26T21:58:11.104+05:30  INFO 18756 --- [main] c.c.controller.UserController            : User deleted Successfully
2023-10-26T21:58:11.176+05:30  INFO 18756 --- [main] c.c.controller.QuizController            : Quiz added Successfully
2023-10-26T21:58:11.181+05:30  INFO 18756 --- [main] c.c.controller.QuizController            : Quiz updated Successfully
2023-10-26T21:58:11.186+05:30  INFO 18756 --- [main] c.c.controller.QuizController            : Quizzes fetched Successfully
2023-10-26T21:58:11.189+05:30  INFO 18756 --- [main] c.c.controller.QuizController            : Quiz fetched Successfully with Quiz Id
2023-10-26T21:58:11.192+05:30  INFO 18756 --- [main] c.c.controller.QuizController            : Quiz deleted Successfully
2023-10-26T21:58:11.196+05:30  INFO 18756 --- [main] c.c.controller.QuizController            : Quizzes fetched Successfully By Category Id
2023-10-26T21:58:11.252+05:30  INFO 18756 --- [main] c.c.controller.AllResultsController      : Successfully fetched Results By User Id1
2023-10-26T21:58:11.265+05:30  INFO 18756 --- [main] c.c.controller.AllResultsController      : Successfully fetched Results of all Users
2023-10-26T21:58:11.326+05:30  INFO 18756 --- [main] c.c.controller.UserResponsesController   : Responses added Successfully
2023-10-26T21:58:11.401+05:30  INFO 18756 --- [main] c.c.controller.QuestionController        : Question updated Successfully
2023-10-26T21:58:11.405+05:30  INFO 18756 --- [main] c.c.controller.QuestionController        : Question updated Successfully
2023-10-26T21:58:11.408+05:30  INFO 18756 --- [main] c.c.controller.QuestionController        : Question added Successfully
2023-10-26T21:58:11.411+05:30  INFO 18756 --- [main] c.c.controller.QuestionController        : Question deleted Successfully
2023-10-26T21:58:11.415+05:30  INFO 18756 --- [main] c.c.controller.QuestionController        : Questions fetched Successfully By Quiz Id
2023-10-26T21:58:11.419+05:30  INFO 18756 --- [main] c.c.controller.QuestionController        : Question fetched Successfully with Id
2023-10-26T21:58:11.422+05:30  INFO 18756 --- [main] c.c.controller.QuestionController        : Questions fetched Successfully
2023-10-26T21:58:11.426+05:30  INFO 18756 --- [main] c.c.controller.QuestionController        : Question added Successfully
2023-10-26T21:58:11.501+05:30  INFO 18756 --- [main] t.c.s.AnnotationConfigContextLoaderUtils : Could not detect default configuration classes for test class [com.capstoneproject.models.UserTest]: UserTest does not declare any static, non-private, non-final, nested classes annotated with @Configuration.
2023-10-26T21:58:11.548+05:30  INFO 18756 --- [main] .b.t.c.SpringBootTestContextBootstrapper : Found @SpringBootConfiguration com.capstoneproject.BackendApplication for test class com.capstoneproject.models.UserTest
2023-10-26T21:58:11.601+05:30  INFO 18756 --- [SpringApplicationShutdownHook] j.LocalContainerEntityManagerFactoryBean : Closing JPA EntityManagerFactory for persistence unit 'default'
2023-10-26T21:58:11.603+05:30  INFO 18756 --- [SpringApplicationShutdownHook] com.zaxxer.hikari.HikariDataSource       : HikariPool-1 - Shutdown initiated...
2023-10-26T21:58:11.611+05:30  INFO 18756 --- [SpringApplicationShutdownHook] com.zaxxer.hikari.HikariDataSource       : HikariPool-1 - Shutdown completed.
2023-10-26T21:58:20.591+05:30  INFO 24828 --- [RMI TCP Connection(7)-127.0.0.1] inMXBeanRegistrar$SpringApplicationAdmin : Application shutdown requested.
2023-10-26T21:58:20.598+05:30  INFO 24828 --- [RMI TCP Connection(7)-127.0.0.1] o.apache.catalina.core.StandardService   : Stopping service [Tomcat]
2023-10-26T21:58:20.601+05:30  INFO 24828 --- [RMI TCP Connection(7)-127.0.0.1] j.LocalContainerEntityManagerFactoryBean : Closing JPA EntityManagerFactory for persistence unit 'default'
2023-10-26T21:58:20.602+05:30  INFO 24828 --- [RMI TCP Connection(7)-127.0.0.1] com.zaxxer.hikari.HikariDataSource       : HikariPool-2 - Shutdown initiated...
2023-10-26T21:58:20.604+05:30  INFO 24828 --- [RMI TCP Connection(7)-127.0.0.1] com.zaxxer.hikari.HikariDataSource       : HikariPool-2 - Shutdown completed.
